<?xml version="1.0" encoding="UTF-8"?>
<!-- Generated by org.testng.reporters.JUnitXMLReporter -->
<testsuite ignored="0" hostname="MacBook-Air.local" failures="0" tests="5" name="Surefire test" time="30.655" errors="0" timestamp="2023-11-27T00:55:29 ART">
  <testcase classname="SWAPITest.ApiTests" name="checkGravityAndTerrainsLevels" time="10.405"/>
  <testcase classname="SWAPITest.ApiTests" name="checkUrlIsTheSameAsTheRequest" time="10.539"/>
  <testcase classname="SWAPITest.ApiTests" name="getPeopleById" time="2.536"/>
  <testcase classname="SWAPITest.ApiTests" name="getSecondFilm" time="5.237"/>
  <testcase classname="SWAPITest.ApiTests" name="requestFilmAndCheck404CodeResponse" time="1.868"/>
</testsuite> <!-- Surefire test -->
