<?xml version="1.0" encoding="UTF-8"?>
<!-- Generated by org.testng.reporters.JUnitXMLReporter -->
<testsuite ignored="0" hostname="MacBook-Air.local" failures="0" tests="4" name="Surefire test" time="40.834" errors="0" timestamp="2023-11-26T01:40:50 ART">
  <testcase classname="SWAPITest.ApiTests" name="checkGravityAndTerrainsLevels" time="13.731"/>
  <testcase classname="SWAPITest.ApiTests" name="checkUrlIsTheSameAsTheRequest" time="13.171"/>
  <testcase classname="SWAPITest.ApiTests" name="getPeopleById" time="3.059"/>
  <testcase classname="SWAPITest.ApiTests" name="getSecondFilm" time="10.779"/>
</testsuite> <!-- Surefire test -->
