<?xml version="1.0" encoding="UTF-8"?>
<testng-results ignored="0" total="5" passed="5" failed="0" skipped="0">
  <reporter-output>
  </reporter-output>
  <suite started-at="2023-11-27T04:39:47 ART" name="Surefire suite" finished-at="2023-11-27T04:40:21 ART" duration-ms="34606">
    <groups>
    </groups>
    <test started-at="2023-11-27T04:39:47 ART" name="Surefire test" finished-at="2023-11-27T04:40:21 ART" duration-ms="34606">
      <class name="SWAPITest.ApiTests">
        <test-method signature="checkGravityAndTerrainsLevels()[pri:0, instance:SWAPITest.ApiTests@23f7d05d]" started-at="2023-11-27T04:39:47 ART" name="checkGravityAndTerrainsLevels" finished-at="2023-11-27T04:40:00 ART" duration-ms="13174" status="PASS">
          <reporter-output>
          </reporter-output>
        </test-method> <!-- checkGravityAndTerrainsLevels -->
        <test-method signature="checkUrlIsTheSameAsTheRequest()[pri:0, instance:SWAPITest.ApiTests@23f7d05d]" started-at="2023-11-27T04:40:00 ART" name="checkUrlIsTheSameAsTheRequest" finished-at="2023-11-27T04:40:11 ART" duration-ms="11037" status="PASS">
          <reporter-output>
          </reporter-output>
        </test-method> <!-- checkUrlIsTheSameAsTheRequest -->
        <test-method signature="getPeopleById()[pri:0, instance:SWAPITest.ApiTests@23f7d05d]" started-at="2023-11-27T04:40:11 ART" name="getPeopleById" finished-at="2023-11-27T04:40:14 ART" duration-ms="2655" status="PASS">
          <reporter-output>
          </reporter-output>
        </test-method> <!-- getPeopleById -->
        <test-method signature="getSecondFilm()[pri:0, instance:SWAPITest.ApiTests@23f7d05d]" started-at="2023-11-27T04:40:14 ART" name="getSecondFilm" finished-at="2023-11-27T04:40:19 ART" duration-ms="5557" status="PASS">
          <reporter-output>
          </reporter-output>
        </test-method> <!-- getSecondFilm -->
        <test-method signature="requestFilmAndCheck404CodeResponse()[pri:0, instance:SWAPITest.ApiTests@23f7d05d]" started-at="2023-11-27T04:40:19 ART" name="requestFilmAndCheck404CodeResponse" finished-at="2023-11-27T04:40:21 ART" duration-ms="2111" status="PASS">
          <reporter-output>
          </reporter-output>
        </test-method> <!-- requestFilmAndCheck404CodeResponse -->
      </class> <!-- SWAPITest.ApiTests -->
    </test> <!-- Surefire test -->
  </suite> <!-- Surefire suite -->
</testng-results>
