<?xml version="1.0" encoding="UTF-8"?>
<testsuite xmlns:xsi="http://www.w3.org/2001/XMLSchema-instance" xsi:noNamespaceSchemaLocation="https://maven.apache.org/surefire/maven-surefire-plugin/xsd/surefire-test-report-3.0.xsd" version="3.0" name="SWAPITest.ApiTests" time="41.648" tests="4" errors="0" skipped="0" failures="0">
  <properties>
[...]
</properties>
  <testcase name="checkGravityAndTerrainsLevels" classname="SWAPITest.ApiTests" time="13.767">
    <system-out><![CDATA[Dagobah
]]></system-out>
  </testcase>
  <testcase name="checkUrlIsTheSameAsTheRequest" classname="SWAPITest.ApiTests" time="13.137"/>
  <testcase name="getPeopleById" classname="SWAPITest.ApiTests" time="3.066"/>
  <testcase name="getSecondFilm" classname="SWAPITest.ApiTests" time="10.783">
    <system-out><![CDATA[Fri May 16 21:00:00 ART 1980
]]></system-out>
  </testcase>
</testsuite>